This file contains any messages produced by compilers while
running configure, to aid debugging if configure makes a mistake.

It was created by at configure 3.1.16, which was
generated by GNU Autoconf 2.69.  Invocation command line was

  $ ./configure --build=i686 --with-build-cc --host -h

## --------- ##
## Platform. ##
## --------- ##

hostname = localhost
uname -m = armv7l
uname -r = 3.4.0-1810991
uname -s = Linux
uname -v = #1 SMP PREEMPT Mon Nov 10 15:57:27 KST 2014

/usr/bin/uname -p = unknown
/bin/uname -X     = unknown

/bin/arch              = unknown
/usr/bin/arch -k       = unknown
/usr/convex/getsysinfo = unknown
/usr/bin/hostinfo      = unknown
/bin/machine           = unknown
/usr/bin/oslevel       = unknown
/bin/universe          = unknown

PATH: /busybox-virtual
PATH: /data/data/com.n0n3m4.droidc/files/
PATH: /data/data/com.n0n3m4.droidc/files/gcc/bin
PATH: /data/data/com.n0n3m4.droidc/files/gcc/arm-linux-androideabi/bin/
PATH: /data/local/bin
PATH: /system/bin
PATH: /system/xbin


## ----------- ##
## Core tests. ##
## ----------- ##

configure:2299: checking build system type
configure:2313: result: i686-pc-none
configure:2333: checking host system type
configure:2346: result: Usage: ./config.sub [OPTION] CPU-MFR-OPSYS
       ./config.sub [OPTION] ALIAS

Canonicalize a configuration name.

Operation modes:
  -h, --help         print this help, then exit
  -t, --time-stamp   print date of last modification, then exit
  -v, --version      print version number, then exit

Report bugs and patches to <config-patches@gnu.org>.
configure:2376: checking for -h-gcc
configure:2406: result: no
configure:2416: checking for gcc
configure:2432: found /data/data/com.n0n3m4.droidc/files/gcc/arm-linux-androideabi/bin//gcc
configure:2443: result: gcc
configure:2455: WARNING: using cross tools not prefixed with host triplet
configure:2672: checking for C compiler version
configure:2681: gcc --version >&5
arm-linux-androideabi-gcc (GCC) 4.9.1
Copyright (C) 2014 Free Software Foundation, Inc.
This is free software; see the source for copying conditions.  There is NO
warranty; not even for MERCHANTABILITY or FITNESS FOR A PARTICULAR PURPOSE.

configure:2692: $? = 0
configure:2681: gcc -v >&5
Using built-in specs.
COLLECT_GCC=arm-linux-androideabi-gcc
Target: arm-linux-androideabi
Configured with: ../configure --host=arm-linux-gnueabi --target=arm-linux-androideabi --enable-static --disable-shared --enable-languages=c,c++ --enable-initfini-array --disable-lto --with-float=soft --with-fpu=vfp --with-arch=armv5te --disable-libquadmath --disable-multilib --disable-libgomp --disable-libmudflap --enable-target-optspace --enable-threads --disable-libatomic --disable-tls --disable-nls --disable-sjlj-exceptions --disable-libstdc++-v3 --disable-libsanitizer --disable-plugins --disable-libgcc --disable-libssp --disable-docs --disable-libitm --with-gnu-as --with-gnu-ld --prefix=/prog/c4droid/OutDir --with-mpc=/prog/c4droid/mpc --with-mpfr=/prog/c4droid/mpfr --with-gmp=/prog/c4droid/gmp
Thread model: posix
gcc version 4.9.1 (GCC) 
configure:2692: $? = 0
configure:2681: gcc -V >&5
arm-linux-androideabi-gcc: error: unrecognized command line option '-V'
arm-linux-androideabi-gcc: fatal error: no input files
compilation terminated.
configure:2692: $? = 1
configure:2681: gcc -qversion >&5
arm-linux-androideabi-gcc: error: unrecognized command line option '-qversion'
arm-linux-androideabi-gcc: fatal error: no input files
compilation terminated.
configure:2692: $? = 1
configure:2712: checking whether the C compiler works
configure:2734: gcc -Os -s    conftest.c  >&5
configure:2738: $? = 0
configure:2786: result: yes
configure:2789: checking for C compiler default output file name
configure:2791: result: a.out
configure:2797: checking for suffix of executables
configure:2804: gcc -o conftest -Os -s    conftest.c  >&5
configure:2808: $? = 0
configure:2830: result: 
configure:2852: checking whether we are cross compiling
configure:2890: result: yes
configure:2895: checking for suffix of object files
configure:2917: gcc -c -Os -s   conftest.c >&5
configure:2921: $? = 0
configure:2942: result: o
configure:2946: checking whether we are using the GNU C compiler
configure:2965: gcc -c -Os -s   conftest.c >&5
configure:2965: $? = 0
configure:2974: result: yes
configure:2983: checking whether gcc accepts -g
configure:3003: gcc -c -g  conftest.c >&5
configure:3003: $? = 0
configure:3044: result: yes
configure:3061: checking for gcc option to accept ISO C89
configure:3124: gcc  -c -Os -s   conftest.c >&5
configure:3124: $? = 0
configure:3137: result: none needed
configure:3171: checking for a BSD-compatible install
configure:3239: result: ./install-sh -c
configure:3250: checking whether ln -s works
configure:3257: result: no, using cp -pR
configure:3265: checking for bison
configure:3295: result: no
configure:3265: checking for byacc
configure:3295: result: no
configure:3309: checking for flex
configure:3339: result: no
configure:3309: checking for lex
configure:3339: result: no
configure:3465: checking HP-UX -Aa
configure:3478: result: no
configure:3483: checking __attribute__((noreturn))
configure:3496: gcc -c -Os -s   conftest.c >&5
configure:3496: $? = 0
configure:3497: result: yes
configure:3509: checking for yywrap in -lfl
configure:3534: gcc -o conftest -Os -s    conftest.c -lfl   >&5
/data/data/com.n0n3m4.droidc/files/gcc/bin/../lib/gcc/arm-linux-androideabi/4.9.1/../../../../arm-linux-androideabi/bin/ld: cannot find -lfl
collect2: error: ld returned 1 exit status
configure:3534: $? = 1
configure: failed program was:
| /* confdefs.h */
| #define PACKAGE_NAME "at"
| #define PACKAGE_TARNAME "at"
| #define PACKAGE_VERSION "3.1.16"
| #define PACKAGE_STRING "at 3.1.16"
| #define PACKAGE_BUGREPORT ""
| #define PACKAGE_URL ""
| #define HAVE_ATTRIBUTE_NORETURN 1
| /* end confdefs.h.  */
| 
| /* Override any GCC internal prototype to avoid an error.
|    Use char because int might match the return type of a GCC
|    builtin and then its argument prototype would still apply.  */
| #ifdef __cplusplus
| extern "C"
| #endif
| char yywrap ();
| int
| main ()
| {
| return yywrap ();
|   ;
|   return 0;
| }
configure:3543: result: no
configure:3563: checking for dirent.h that defines DIR
configure:3582: gcc -c -Os -s   conftest.c >&5
configure:3582: $? = 0
configure:3590: result: yes
configure:3603: checking for library containing opendir
configure:3634: gcc -o conftest -Os -s    conftest.c  >&5
configure:3634: $? = 0
configure:3651: result: none required
configure:3723: checking how to run the C preprocessor
configure:3754: gcc -E  conftest.c
configure:3754: $? = 0
configure:3768: gcc -E  conftest.c
conftest.c:12:28: fatal error: ac_nonexistent.h: No such file or directory
 #include <ac_nonexistent.h>
                            ^
compilation terminated.
configure:3768: $? = 1
configure: failed program was:
| /* confdefs.h */
| #define PACKAGE_NAME "at"
| #define PACKAGE_TARNAME "at"
| #define PACKAGE_VERSION "3.1.16"
| #define PACKAGE_STRING "at 3.1.16"
| #define PACKAGE_BUGREPORT ""
| #define PACKAGE_URL ""
| #define HAVE_ATTRIBUTE_NORETURN 1
| #define NEED_YYWRAP 1
| #define HAVE_DIRENT_H 1
| /* end confdefs.h.  */
| #include <ac_nonexistent.h>
configure:3793: result: gcc -E
configure:3813: gcc -E  conftest.c
configure:3813: $? = 0
configure:3827: gcc -E  conftest.c
conftest.c:12:28: fatal error: ac_nonexistent.h: No such file or directory
 #include <ac_nonexistent.h>
                            ^
compilation terminated.
configure:3827: $? = 1
configure: failed program was:
| /* confdefs.h */
| #define PACKAGE_NAME "at"
| #define PACKAGE_TARNAME "at"
| #define PACKAGE_VERSION "3.1.16"
| #define PACKAGE_STRING "at 3.1.16"
| #define PACKAGE_BUGREPORT ""
| #define PACKAGE_URL ""
| #define HAVE_ATTRIBUTE_NORETURN 1
| #define NEED_YYWRAP 1
| #define HAVE_DIRENT_H 1
| /* end confdefs.h.  */
| #include <ac_nonexistent.h>
configure:3856: checking for grep that handles long lines and -e
configure:3914: result: /busybox-virtual/grep
configure:3919: checking for egrep
configure:3981: result: /busybox-virtual/grep -E
configure:3986: checking for ANSI C header files
configure:4006: gcc -c -Os -s   conftest.c >&5
configure:4006: $? = 0
configure:4090: result: yes
configure:4098: checking for sys/wait.h that is POSIX.1 compatible
configure:4124: gcc -c -Os -s   conftest.c >&5
configure:4124: $? = 0
configure:4131: result: yes
configure:4144: checking for sys/types.h
configure:4144: gcc -c -Os -s   conftest.c >&5
configure:4144: $? = 0
configure:4144: result: yes
configure:4144: checking for sys/stat.h
configure:4144: gcc -c -Os -s   conftest.c >&5
configure:4144: $? = 0
configure:4144: result: yes
configure:4144: checking for stdlib.h
configure:4144: gcc -c -Os -s   conftest.c >&5
configure:4144: $? = 0
configure:4144: result: yes
configure:4144: checking for string.h
configure:4144: gcc -c -Os -s   conftest.c >&5
configure:4144: $? = 0
configure:4144: result: yes
configure:4144: checking for memory.h
configure:4144: gcc -c -Os -s   conftest.c >&5
configure:4144: $? = 0
configure:4144: result: yes
configure:4144: checking for strings.h
configure:4144: gcc -c -Os -s   conftest.c >&5
configure:4144: $? = 0
configure:4144: result: yes
configure:4144: checking for inttypes.h
configure:4144: gcc -c -Os -s   conftest.c >&5
configure:4144: $? = 0
configure:4144: result: yes
configure:4144: checking for stdint.h
configure:4144: gcc -c -Os -s   conftest.c >&5
configure:4144: $? = 0
configure:4144: result: yes
configure:4144: checking for unistd.h
configure:4144: gcc -c -Os -s   conftest.c >&5
configure:4144: $? = 0
configure:4144: result: yes
configure:4159: checking fcntl.h usability
configure:4159: gcc -c -Os -s   conftest.c >&5
configure:4159: $? = 0
configure:4159: result: yes
configure:4159: checking fcntl.h presence
configure:4159: gcc -E  conftest.c
configure:4159: $? = 0
configure:4159: result: yes
configure:4159: checking for fcntl.h
configure:4159: result: yes
configure:4159: checking syslog.h usability
configure:4159: gcc -c -Os -s   conftest.c >&5
configure:4159: $? = 0
configure:4159: result: yes
configure:4159: checking syslog.h presence
configure:4159: gcc -E  conftest.c
configure:4159: $? = 0
configure:4159: result: yes
configure:4159: checking for syslog.h
configure:4159: result: yes
configure:4159: checking for unistd.h
configure:4159: result: yes
configure:4159: checking errno.h usability
configure:4159: gcc -c -Os -s   conftest.c >&5
configure:4159: $? = 0
configure:4159: result: yes
configure:4159: checking errno.h presence
configure:4159: gcc -E  conftest.c
configure:4159: $? = 0
configure:4159: result: yes
configure:4159: checking for errno.h
configure:4159: result: yes
configure:4159: checking sys/fcntl.h usability
configure:4159: gcc -c -Os -s   conftest.c >&5
conftest.c:60:23: fatal error: sys/fcntl.h: No such file or directory
 #include <sys/fcntl.h>
                       ^
compilation terminated.
configure:4159: $? = 1
configure: failed program was:
| /* confdefs.h */
| #define PACKAGE_NAME "at"
| #define PACKAGE_TARNAME "at"
| #define PACKAGE_VERSION "3.1.16"
| #define PACKAGE_STRING "at 3.1.16"
| #define PACKAGE_BUGREPORT ""
| #define PACKAGE_URL ""
| #define HAVE_ATTRIBUTE_NORETURN 1
| #define NEED_YYWRAP 1
| #define HAVE_DIRENT_H 1
| #define STDC_HEADERS 1
| #define HAVE_SYS_WAIT_H 1
| #define HAVE_SYS_TYPES_H 1
| #define HAVE_SYS_STAT_H 1
| #define HAVE_STDLIB_H 1
| #define HAVE_STRING_H 1
| #define HAVE_MEMORY_H 1
| #define HAVE_STRINGS_H 1
| #define HAVE_INTTYPES_H 1
| #define HAVE_STDINT_H 1
| #define HAVE_UNISTD_H 1
| #define HAVE_FCNTL_H 1
| #define HAVE_SYSLOG_H 1
| #define HAVE_UNISTD_H 1
| #define HAVE_ERRNO_H 1
| /* end confdefs.h.  */
| #include <stdio.h>
| #ifdef HAVE_SYS_TYPES_H
| # include <sys/types.h>
| #endif
| #ifdef HAVE_SYS_STAT_H
| # include <sys/stat.h>
| #endif
| #ifdef STDC_HEADERS
| # include <stdlib.h>
| # include <stddef.h>
| #else
| # ifdef HAVE_STDLIB_H
| #  include <stdlib.h>
| # endif
| #endif
| #ifdef HAVE_STRING_H
| # if !defined STDC_HEADERS && defined HAVE_MEMORY_H
| #  include <memory.h>
| # endif
| # include <string.h>
| #endif
| #ifdef HAVE_STRINGS_H
| # include <strings.h>
| #endif
| #ifdef HAVE_INTTYPES_H
| # include <inttypes.h>
| #endif
| #ifdef HAVE_STDINT_H
| # include <stdint.h>
| #endif
| #ifdef HAVE_UNISTD_H
| # include <unistd.h>
| #endif
| #include <sys/fcntl.h>
configure:4159: result: no
configure:4159: checking sys/fcntl.h presence
configure:4159: gcc -E  conftest.c
conftest.c:27:23: fatal error: sys/fcntl.h: No such file or directory
 #include <sys/fcntl.h>
                       ^
compilation terminated.
configure:4159: $? = 1
configure: failed program was:
| /* confdefs.h */
| #define PACKAGE_NAME "at"
| #define PACKAGE_TARNAME "at"
| #define PACKAGE_VERSION "3.1.16"
| #define PACKAGE_STRING "at 3.1.16"
| #define PACKAGE_BUGREPORT ""
| #define PACKAGE_URL ""
| #define HAVE_ATTRIBUTE_NORETURN 1
| #define NEED_YYWRAP 1
| #define HAVE_DIRENT_H 1
| #define STDC_HEADERS 1
| #define HAVE_SYS_WAIT_H 1
| #define HAVE_SYS_TYPES_H 1
| #define HAVE_SYS_STAT_H 1
| #define HAVE_STDLIB_H 1
| #define HAVE_STRING_H 1
| #define HAVE_MEMORY_H 1
| #define HAVE_STRINGS_H 1
| #define HAVE_INTTYPES_H 1
| #define HAVE_STDINT_H 1
| #define HAVE_UNISTD_H 1
| #define HAVE_FCNTL_H 1
| #define HAVE_SYSLOG_H 1
| #define HAVE_UNISTD_H 1
| #define HAVE_ERRNO_H 1
| /* end confdefs.h.  */
| #include <sys/fcntl.h>
configure:4159: result: no
configure:4159: checking for sys/fcntl.h
configure:4159: result: no
configure:4159: checking getopt.h usability
configure:4159: gcc -c -Os -s   conftest.c >&5
configure:4159: $? = 0
configure:4159: result: yes
configure:4159: checking getopt.h presence
configure:4159: gcc -E  conftest.c
configure:4159: $? = 0
configure:4159: result: yes
configure:4159: checking for getopt.h
configure:4159: result: yes
configure:4171: checking stdarg.h usability
configure:4171: gcc -c -Os -s   conftest.c >&5
configure:4171: $? = 0
configure:4171: result: yes
configure:4171: checking stdarg.h presence
configure:4171: gcc -E  conftest.c
configure:4171: $? = 0
configure:4171: result: yes
configure:4171: checking for stdarg.h
configure:4171: result: yes
configure:4182: checking for an ANSI C-conforming const
configure:4248: gcc -c -Os -s   conftest.c >&5
configure:4248: $? = 0
configure:4255: result: yes
configure:4263: checking return type of signal handlers
configure:4281: gcc -c -Os -s   conftest.c >&5
conftest.c: In function 'main':
conftest.c:35:1: error: void value not ignored as it ought to be
 return *(signal (0, 0)) (0) == 1;
 ^
configure:4281: $? = 1
configure: failed program was:
| /* confdefs.h */
| #define PACKAGE_NAME "at"
| #define PACKAGE_TARNAME "at"
| #define PACKAGE_VERSION "3.1.16"
| #define PACKAGE_STRING "at 3.1.16"
| #define PACKAGE_BUGREPORT ""
| #define PACKAGE_URL ""
| #define HAVE_ATTRIBUTE_NORETURN 1
| #define NEED_YYWRAP 1
| #define HAVE_DIRENT_H 1
| #define STDC_HEADERS 1
| #define HAVE_SYS_WAIT_H 1
| #define HAVE_SYS_TYPES_H 1
| #define HAVE_SYS_STAT_H 1
| #define HAVE_STDLIB_H 1
| #define HAVE_STRING_H 1
| #define HAVE_MEMORY_H 1
| #define HAVE_STRINGS_H 1
| #define HAVE_INTTYPES_H 1
| #define HAVE_STDINT_H 1
| #define HAVE_UNISTD_H 1
| #define HAVE_FCNTL_H 1
| #define HAVE_SYSLOG_H 1
| #define HAVE_UNISTD_H 1
| #define HAVE_ERRNO_H 1
| #define HAVE_GETOPT_H 1
| #define HAVE_STDARG_H 1
| /* end confdefs.h.  */
| #include <sys/types.h>
| #include <signal.h>
| 
| int
| main ()
| {
| return *(signal (0, 0)) (0) == 1;
|   ;
|   return 0;
| }
configure:4288: result: void
configure:4296: checking for uid_t in sys/types.h
configure:4315: result: yes
configure:4326: checking for mode_t
configure:4326: gcc -c -Os -s   conftest.c >&5
configure:4326: $? = 0
configure:4326: gcc -c -Os -s   conftest.c >&5
conftest.c: In function 'main':
conftest.c:66:21: error: expected expression before ')' token
 if (sizeof ((mode_t)))
                     ^
configure:4326: $? = 1
configure: failed program was:
| /* confdefs.h */
| #define PACKAGE_NAME "at"
| #define PACKAGE_TARNAME "at"
| #define PACKAGE_VERSION "3.1.16"
| #define PACKAGE_STRING "at 3.1.16"
| #define PACKAGE_BUGREPORT ""
| #define PACKAGE_URL ""
| #define HAVE_ATTRIBUTE_NORETURN 1
| #define NEED_YYWRAP 1
| #define HAVE_DIRENT_H 1
| #define STDC_HEADERS 1
| #define HAVE_SYS_WAIT_H 1
| #define HAVE_SYS_TYPES_H 1
| #define HAVE_SYS_STAT_H 1
| #define HAVE_STDLIB_H 1
| #define HAVE_STRING_H 1
| #define HAVE_MEMORY_H 1
| #define HAVE_STRINGS_H 1
| #define HAVE_INTTYPES_H 1
| #define HAVE_STDINT_H 1
| #define HAVE_UNISTD_H 1
| #define HAVE_FCNTL_H 1
| #define HAVE_SYSLOG_H 1
| #define HAVE_UNISTD_H 1
| #define HAVE_ERRNO_H 1
| #define HAVE_GETOPT_H 1
| #define HAVE_STDARG_H 1
| #define RETSIGTYPE void
| /* end confdefs.h.  */
| #include <stdio.h>
| #ifdef HAVE_SYS_TYPES_H
| # include <sys/types.h>
| #endif
| #ifdef HAVE_SYS_STAT_H
| # include <sys/stat.h>
| #endif
| #ifdef STDC_HEADERS
| # include <stdlib.h>
| # include <stddef.h>
| #else
| # ifdef HAVE_STDLIB_H
| #  include <stdlib.h>
| # endif
| #endif
| #ifdef HAVE_STRING_H
| # if !defined STDC_HEADERS && defined HAVE_MEMORY_H
| #  include <memory.h>
| # endif
| # include <string.h>
| #endif
| #ifdef HAVE_STRINGS_H
| # include <strings.h>
| #endif
| #ifdef HAVE_INTTYPES_H
| # include <inttypes.h>
| #endif
| #ifdef HAVE_STDINT_H
| # include <stdint.h>
| #endif
| #ifdef HAVE_UNISTD_H
| # include <unistd.h>
| #endif
| int
| main ()
| {
| if (sizeof ((mode_t)))
| 	    return 0;
|   ;
|   return 0;
| }
configure:4326: result: yes
configure:4337: checking for off_t
configure:4337: gcc -c -Os -s   conftest.c >&5
configure:4337: $? = 0
configure:4337: gcc -c -Os -s   conftest.c >&5
conftest.c: In function 'main':
conftest.c:66:20: error: expected expression before ')' token
 if (sizeof ((off_t)))
                    ^
configure:4337: $? = 1
configure: failed program was:
| /* confdefs.h */
| #define PACKAGE_NAME "at"
| #define PACKAGE_TARNAME "at"
| #define PACKAGE_VERSION "3.1.16"
| #define PACKAGE_STRING "at 3.1.16"
| #define PACKAGE_BUGREPORT ""
| #define PACKAGE_URL ""
| #define HAVE_ATTRIBUTE_NORETURN 1
| #define NEED_YYWRAP 1
| #define HAVE_DIRENT_H 1
| #define STDC_HEADERS 1
| #define HAVE_SYS_WAIT_H 1
| #define HAVE_SYS_TYPES_H 1
| #define HAVE_SYS_STAT_H 1
| #define HAVE_STDLIB_H 1
| #define HAVE_STRING_H 1
| #define HAVE_MEMORY_H 1
| #define HAVE_STRINGS_H 1
| #define HAVE_INTTYPES_H 1
| #define HAVE_STDINT_H 1
| #define HAVE_UNISTD_H 1
| #define HAVE_FCNTL_H 1
| #define HAVE_SYSLOG_H 1
| #define HAVE_UNISTD_H 1
| #define HAVE_ERRNO_H 1
| #define HAVE_GETOPT_H 1
| #define HAVE_STDARG_H 1
| #define RETSIGTYPE void
| /* end confdefs.h.  */
| #include <stdio.h>
| #ifdef HAVE_SYS_TYPES_H
| # include <sys/types.h>
| #endif
| #ifdef HAVE_SYS_STAT_H
| # include <sys/stat.h>
| #endif
| #ifdef STDC_HEADERS
| # include <stdlib.h>
| # include <stddef.h>
| #else
| # ifdef HAVE_STDLIB_H
| #  include <stdlib.h>
| # endif
| #endif
| #ifdef HAVE_STRING_H
| # if !defined STDC_HEADERS && defined HAVE_MEMORY_H
| #  include <memory.h>
| # endif
| # include <string.h>
| #endif
| #ifdef HAVE_STRINGS_H
| # include <strings.h>
| #endif
| #ifdef HAVE_INTTYPES_H
| # include <inttypes.h>
| #endif
| #ifdef HAVE_STDINT_H
| # include <stdint.h>
| #endif
| #ifdef HAVE_UNISTD_H
| # include <unistd.h>
| #endif
| int
| main ()
| {
| if (sizeof ((off_t)))
| 	    return 0;
|   ;
|   return 0;
| }
configure:4337: result: yes
configure:4348: checking for pid_t
configure:4348: gcc -c -Os -s   conftest.c >&5
configure:4348: $? = 0
configure:4348: gcc -c -Os -s   conftest.c >&5
conftest.c: In function 'main':
conftest.c:66:20: error: expected expression before ')' token
 if (sizeof ((pid_t)))
                    ^
configure:4348: $? = 1
configure: failed program was:
| /* confdefs.h */
| #define PACKAGE_NAME "at"
| #define PACKAGE_TARNAME "at"
| #define PACKAGE_VERSION "3.1.16"
| #define PACKAGE_STRING "at 3.1.16"
| #define PACKAGE_BUGREPORT ""
| #define PACKAGE_URL ""
| #define HAVE_ATTRIBUTE_NORETURN 1
| #define NEED_YYWRAP 1
| #define HAVE_DIRENT_H 1
| #define STDC_HEADERS 1
| #define HAVE_SYS_WAIT_H 1
| #define HAVE_SYS_TYPES_H 1
| #define HAVE_SYS_STAT_H 1
| #define HAVE_STDLIB_H 1
| #define HAVE_STRING_H 1
| #define HAVE_MEMORY_H 1
| #define HAVE_STRINGS_H 1
| #define HAVE_INTTYPES_H 1
| #define HAVE_STDINT_H 1
| #define HAVE_UNISTD_H 1
| #define HAVE_FCNTL_H 1
| #define HAVE_SYSLOG_H 1
| #define HAVE_UNISTD_H 1
| #define HAVE_ERRNO_H 1
| #define HAVE_GETOPT_H 1
| #define HAVE_STDARG_H 1
| #define RETSIGTYPE void
| /* end confdefs.h.  */
| #include <stdio.h>
| #ifdef HAVE_SYS_TYPES_H
| # include <sys/types.h>
| #endif
| #ifdef HAVE_SYS_STAT_H
| # include <sys/stat.h>
| #endif
| #ifdef STDC_HEADERS
| # include <stdlib.h>
| # include <stddef.h>
| #else
| # ifdef HAVE_STDLIB_H
| #  include <stdlib.h>
| # endif
| #endif
| #ifdef HAVE_STRING_H
| # if !defined STDC_HEADERS && defined HAVE_MEMORY_H
| #  include <memory.h>
| # endif
| # include <string.h>
| #endif
| #ifdef HAVE_STRINGS_H
| # include <strings.h>
| #endif
| #ifdef HAVE_INTTYPES_H
| # include <inttypes.h>
| #endif
| #ifdef HAVE_STDINT_H
| # include <stdint.h>
| #endif
| #ifdef HAVE_UNISTD_H
| # include <unistd.h>
| #endif
| int
| main ()
| {
| if (sizeof ((pid_t)))
| 	    return 0;
|   ;
|   return 0;
| }
configure:4348: result: yes
configure:4359: checking for size_t
configure:4359: gcc -c -Os -s   conftest.c >&5
configure:4359: $? = 0
configure:4359: gcc -c -Os -s   conftest.c >&5
conftest.c: In function 'main':
conftest.c:66:21: error: expected expression before ')' token
 if (sizeof ((size_t)))
                     ^
configure:4359: $? = 1
configure: failed program was:
| /* confdefs.h */
| #define PACKAGE_NAME "at"
| #define PACKAGE_TARNAME "at"
| #define PACKAGE_VERSION "3.1.16"
| #define PACKAGE_STRING "at 3.1.16"
| #define PACKAGE_BUGREPORT ""
| #define PACKAGE_URL ""
| #define HAVE_ATTRIBUTE_NORETURN 1
| #define NEED_YYWRAP 1
| #define HAVE_DIRENT_H 1
| #define STDC_HEADERS 1
| #define HAVE_SYS_WAIT_H 1
| #define HAVE_SYS_TYPES_H 1
| #define HAVE_SYS_STAT_H 1
| #define HAVE_STDLIB_H 1
| #define HAVE_STRING_H 1
| #define HAVE_MEMORY_H 1
| #define HAVE_STRINGS_H 1
| #define HAVE_INTTYPES_H 1
| #define HAVE_STDINT_H 1
| #define HAVE_UNISTD_H 1
| #define HAVE_FCNTL_H 1
| #define HAVE_SYSLOG_H 1
| #define HAVE_UNISTD_H 1
| #define HAVE_ERRNO_H 1
| #define HAVE_GETOPT_H 1
| #define HAVE_STDARG_H 1
| #define RETSIGTYPE void
| /* end confdefs.h.  */
| #include <stdio.h>
| #ifdef HAVE_SYS_TYPES_H
| # include <sys/types.h>
| #endif
| #ifdef HAVE_SYS_STAT_H
| # include <sys/stat.h>
| #endif
| #ifdef STDC_HEADERS
| # include <stdlib.h>
| # include <stddef.h>
| #else
| # ifdef HAVE_STDLIB_H
| #  include <stdlib.h>
| # endif
| #endif
| #ifdef HAVE_STRING_H
| # if !defined STDC_HEADERS && defined HAVE_MEMORY_H
| #  include <memory.h>
| # endif
| # include <string.h>
| #endif
| #ifdef HAVE_STRINGS_H
| # include <strings.h>
| #endif
| #ifdef HAVE_INTTYPES_H
| # include <inttypes.h>
| #endif
| #ifdef HAVE_STDINT_H
| # include <stdint.h>
| #endif
| #ifdef HAVE_UNISTD_H
| # include <unistd.h>
| #endif
| int
| main ()
| {
| if (sizeof ((size_t)))
| 	    return 0;
|   ;
|   return 0;
| }
configure:4359: result: yes
configure:4370: checking whether struct tm is in sys/time.h or time.h
configure:4390: gcc -c -Os -s   conftest.c >&5
configure:4390: $? = 0
configure:4397: result: time.h
configure:4409: checking for vprintf
configure:4409: gcc -o conftest -Os -s    conftest.c  >&5
conftest.c:53:6: warning: conflicting types for built-in function 'vprintf'
 char vprintf ();
      ^
configure:4409: $? = 0
configure:4409: result: yes
configure:4415: checking for _doprnt
configure:4415: gcc -o conftest -Os -s    conftest.c  >&5
./ccWrUYk0.o: In function `main':
conftest.c:(.text.startup+0x4): undefined reference to `_doprnt'
collect2: error: ld returned 1 exit status
configure:4415: $? = 1
configure: failed program was:
| /* confdefs.h */
| #define PACKAGE_NAME "at"
| #define PACKAGE_TARNAME "at"
| #define PACKAGE_VERSION "3.1.16"
| #define PACKAGE_STRING "at 3.1.16"
| #define PACKAGE_BUGREPORT ""
| #define PACKAGE_URL ""
| #define HAVE_ATTRIBUTE_NORETURN 1
| #define NEED_YYWRAP 1
| #define HAVE_DIRENT_H 1
| #define STDC_HEADERS 1
| #define HAVE_SYS_WAIT_H 1
| #define HAVE_SYS_TYPES_H 1
| #define HAVE_SYS_STAT_H 1
| #define HAVE_STDLIB_H 1
| #define HAVE_STRING_H 1
| #define HAVE_MEMORY_H 1
| #define HAVE_STRINGS_H 1
| #define HAVE_INTTYPES_H 1
| #define HAVE_STDINT_H 1
| #define HAVE_UNISTD_H 1
| #define HAVE_FCNTL_H 1
| #define HAVE_SYSLOG_H 1
| #define HAVE_UNISTD_H 1
| #define HAVE_ERRNO_H 1
| #define HAVE_GETOPT_H 1
| #define HAVE_STDARG_H 1
| #define RETSIGTYPE void
| #define HAVE_VPRINTF 1
| /* end confdefs.h.  */
| /* Define _doprnt to an innocuous variant, in case <limits.h> declares _doprnt.
|    For example, HP-UX 11i <limits.h> declares gettimeofday.  */
| #define _doprnt innocuous__doprnt
| 
| /* System header to define __stub macros and hopefully few prototypes,
|     which can conflict with char _doprnt (); below.
|     Prefer <limits.h> to <assert.h> if __STDC__ is defined, since
|     <limits.h> exists even on freestanding compilers.  */
| 
| #ifdef __STDC__
| # include <limits.h>
| #else
| # include <assert.h>
| #endif
| 
| #undef _doprnt
| 
| /* Override any GCC internal prototype to avoid an error.
|    Use char because int might match the return type of a GCC
|    builtin and then its argument prototype would still apply.  */
| #ifdef __cplusplus
| extern "C"
| #endif
| char _doprnt ();
| /* The GNU C library defines this for functions which it implements
|     to always fail with ENOSYS.  Some functions are actually named
|     something starting with __ and the normal name is an alias.  */
| #if defined __stub__doprnt || defined __stub____doprnt
| choke me
| #endif
| 
| int
| main ()
| {
| return _doprnt ();
|   ;
|   return 0;
| }
configure:4415: result: no
configure:4435: checking for getloadavg
configure:4435: gcc -o conftest -Os -s    conftest.c  >&5
./ccVcR8Ql.o: In function `main':
conftest.c:(.text.startup+0x4): undefined reference to `getloadavg'
collect2: error: ld returned 1 exit status
configure:4435: $? = 1
configure: failed program was:
| /* confdefs.h */
| #define PACKAGE_NAME "at"
| #define PACKAGE_TARNAME "at"
| #define PACKAGE_VERSION "3.1.16"
| #define PACKAGE_STRING "at 3.1.16"
| #define PACKAGE_BUGREPORT ""
| #define PACKAGE_URL ""
| #define HAVE_ATTRIBUTE_NORETURN 1
| #define NEED_YYWRAP 1
| #define HAVE_DIRENT_H 1
| #define STDC_HEADERS 1
| #define HAVE_SYS_WAIT_H 1
| #define HAVE_SYS_TYPES_H 1
| #define HAVE_SYS_STAT_H 1
| #define HAVE_STDLIB_H 1
| #define HAVE_STRING_H 1
| #define HAVE_MEMORY_H 1
| #define HAVE_STRINGS_H 1
| #define HAVE_INTTYPES_H 1
| #define HAVE_STDINT_H 1
| #define HAVE_UNISTD_H 1
| #define HAVE_FCNTL_H 1
| #define HAVE_SYSLOG_H 1
| #define HAVE_UNISTD_H 1
| #define HAVE_ERRNO_H 1
| #define HAVE_GETOPT_H 1
| #define HAVE_STDARG_H 1
| #define RETSIGTYPE void
| #define HAVE_VPRINTF 1
| /* end confdefs.h.  */
| /* Define getloadavg to an innocuous variant, in case <limits.h> declares getloadavg.
|    For example, HP-UX 11i <limits.h> declares gettimeofday.  */
| #define getloadavg innocuous_getloadavg
| 
| /* System header to define __stub macros and hopefully few prototypes,
|     which can conflict with char getloadavg (); below.
|     Prefer <limits.h> to <assert.h> if __STDC__ is defined, since
|     <limits.h> exists even on freestanding compilers.  */
| 
| #ifdef __STDC__
| # include <limits.h>
| #else
| # include <assert.h>
| #endif
| 
| #undef getloadavg
| 
| /* Override any GCC internal prototype to avoid an error.
|    Use char because int might match the return type of a GCC
|    builtin and then its argument prototype would still apply.  */
| #ifdef __cplusplus
| extern "C"
| #endif
| char getloadavg ();
| /* The GNU C library defines this for functions which it implements
|     to always fail with ENOSYS.  Some functions are actually named
|     something starting with __ and the normal name is an alias.  */
| #if defined __stub_getloadavg || defined __stub___getloadavg
| choke me
| #endif
| 
| int
| main ()
| {
| return getloadavg ();
|   ;
|   return 0;
| }
configure:4435: result: no
configure:4446: checking for pstat_getdynamic
configure:4446: gcc -o conftest -Os -s    conftest.c  >&5
./cc48zbMB.o: In function `main':
conftest.c:(.text.startup+0x4): undefined reference to `pstat_getdynamic'
collect2: error: ld returned 1 exit status
configure:4446: $? = 1
configure: failed program was:
| /* confdefs.h */
| #define PACKAGE_NAME "at"
| #define PACKAGE_TARNAME "at"
| #define PACKAGE_VERSION "3.1.16"
| #define PACKAGE_STRING "at 3.1.16"
| #define PACKAGE_BUGREPORT ""
| #define PACKAGE_URL ""
| #define HAVE_ATTRIBUTE_NORETURN 1
| #define NEED_YYWRAP 1
| #define HAVE_DIRENT_H 1
| #define STDC_HEADERS 1
| #define HAVE_SYS_WAIT_H 1
| #define HAVE_SYS_TYPES_H 1
| #define HAVE_SYS_STAT_H 1
| #define HAVE_STDLIB_H 1
| #define HAVE_STRING_H 1
| #define HAVE_MEMORY_H 1
| #define HAVE_STRINGS_H 1
| #define HAVE_INTTYPES_H 1
| #define HAVE_STDINT_H 1
| #define HAVE_UNISTD_H 1
| #define HAVE_FCNTL_H 1
| #define HAVE_SYSLOG_H 1
| #define HAVE_UNISTD_H 1
| #define HAVE_ERRNO_H 1
| #define HAVE_GETOPT_H 1
| #define HAVE_STDARG_H 1
| #define RETSIGTYPE void
| #define HAVE_VPRINTF 1
| /* end confdefs.h.  */
| /* Define pstat_getdynamic to an innocuous variant, in case <limits.h> declares pstat_getdynamic.
|    For example, HP-UX 11i <limits.h> declares gettimeofday.  */
| #define pstat_getdynamic innocuous_pstat_getdynamic
| 
| /* System header to define __stub macros and hopefully few prototypes,
|     which can conflict with char pstat_getdynamic (); below.
|     Prefer <limits.h> to <assert.h> if __STDC__ is defined, since
|     <limits.h> exists even on freestanding compilers.  */
| 
| #ifdef __STDC__
| # include <limits.h>
| #else
| # include <assert.h>
| #endif
| 
| #undef pstat_getdynamic
| 
| /* Override any GCC internal prototype to avoid an error.
|    Use char because int might match the return type of a GCC
|    builtin and then its argument prototype would still apply.  */
| #ifdef __cplusplus
| extern "C"
| #endif
| char pstat_getdynamic ();
| /* The GNU C library defines this for functions which it implements
|     to always fail with ENOSYS.  Some functions are actually named
|     something starting with __ and the normal name is an alias.  */
| #if defined __stub_pstat_getdynamic || defined __stub___pstat_getdynamic
| choke me
| #endif
| 
| int
| main ()
| {
| return pstat_getdynamic ();
|   ;
|   return 0;
| }
configure:4446: result: no
configure:4457: checking for kstat_open in -lkstat
configure:4482: gcc -o conftest -Os -s    conftest.c -lkstat   >&5
/data/data/com.n0n3m4.droidc/files/gcc/bin/../lib/gcc/arm-linux-androideabi/4.9.1/../../../../arm-linux-androideabi/bin/ld: cannot find -lkstat
collect2: error: ld returned 1 exit status
configure:4482: $? = 1
configure: failed program was:
| /* confdefs.h */
| #define PACKAGE_NAME "at"
| #define PACKAGE_TARNAME "at"
| #define PACKAGE_VERSION "3.1.16"
| #define PACKAGE_STRING "at 3.1.16"
| #define PACKAGE_BUGREPORT ""
| #define PACKAGE_URL ""
| #define HAVE_ATTRIBUTE_NORETURN 1
| #define NEED_YYWRAP 1
| #define HAVE_DIRENT_H 1
| #define STDC_HEADERS 1
| #define HAVE_SYS_WAIT_H 1
| #define HAVE_SYS_TYPES_H 1
| #define HAVE_SYS_STAT_H 1
| #define HAVE_STDLIB_H 1
| #define HAVE_STRING_H 1
| #define HAVE_MEMORY_H 1
| #define HAVE_STRINGS_H 1
| #define HAVE_INTTYPES_H 1
| #define HAVE_STDINT_H 1
| #define HAVE_UNISTD_H 1
| #define HAVE_FCNTL_H 1
| #define HAVE_SYSLOG_H 1
| #define HAVE_UNISTD_H 1
| #define HAVE_ERRNO_H 1
| #define HAVE_GETOPT_H 1
| #define HAVE_STDARG_H 1
| #define RETSIGTYPE void
| #define HAVE_VPRINTF 1
| /* end confdefs.h.  */
| 
| /* Override any GCC internal prototype to avoid an error.
|    Use char because int might match the return type of a GCC
|    builtin and then its argument prototype would still apply.  */
| #ifdef __cplusplus
| extern "C"
| #endif
| char kstat_open ();
| int
| main ()
| {
| return kstat_open ();
|   ;
|   return 0;
| }
configure:4491: result: no
configure:4509: checking for elf_begin in -lelf
configure:4534: gcc -o conftest -Os -s    conftest.c -lelf   >&5
/data/data/com.n0n3m4.droidc/files/gcc/bin/../lib/gcc/arm-linux-androideabi/4.9.1/../../../../arm-linux-androideabi/bin/ld: cannot find -lelf
collect2: error: ld returned 1 exit status
configure:4534: $? = 1
configure: failed program was:
| /* confdefs.h */
| #define PACKAGE_NAME "at"
| #define PACKAGE_TARNAME "at"
| #define PACKAGE_VERSION "3.1.16"
| #define PACKAGE_STRING "at 3.1.16"
| #define PACKAGE_BUGREPORT ""
| #define PACKAGE_URL ""
| #define HAVE_ATTRIBUTE_NORETURN 1
| #define NEED_YYWRAP 1
| #define HAVE_DIRENT_H 1
| #define STDC_HEADERS 1
| #define HAVE_SYS_WAIT_H 1
| #define HAVE_SYS_TYPES_H 1
| #define HAVE_SYS_STAT_H 1
| #define HAVE_STDLIB_H 1
| #define HAVE_STRING_H 1
| #define HAVE_MEMORY_H 1
| #define HAVE_STRINGS_H 1
| #define HAVE_INTTYPES_H 1
| #define HAVE_STDINT_H 1
| #define HAVE_UNISTD_H 1
| #define HAVE_FCNTL_H 1
| #define HAVE_SYSLOG_H 1
| #define HAVE_UNISTD_H 1
| #define HAVE_ERRNO_H 1
| #define HAVE_GETOPT_H 1
| #define HAVE_STDARG_H 1
| #define RETSIGTYPE void
| #define HAVE_VPRINTF 1
| /* end confdefs.h.  */
| 
| /* Override any GCC internal prototype to avoid an error.
|    Use char because int might match the return type of a GCC
|    builtin and then its argument prototype would still apply.  */
| #ifdef __cplusplus
| extern "C"
| #endif
| char elf_begin ();
| int
| main ()
| {
| return elf_begin ();
|   ;
|   return 0;
| }
configure:4543: result: no
configure:4551: checking for kvm_open in -lkvm
configure:4576: gcc -o conftest -Os -s    conftest.c -lkvm   >&5
/data/data/com.n0n3m4.droidc/files/gcc/bin/../lib/gcc/arm-linux-androideabi/4.9.1/../../../../arm-linux-androideabi/bin/ld: cannot find -lkvm
collect2: error: ld returned 1 exit status
configure:4576: $? = 1
configure: failed program was:
| /* confdefs.h */
| #define PACKAGE_NAME "at"
| #define PACKAGE_TARNAME "at"
| #define PACKAGE_VERSION "3.1.16"
| #define PACKAGE_STRING "at 3.1.16"
| #define PACKAGE_BUGREPORT ""
| #define PACKAGE_URL ""
| #define HAVE_ATTRIBUTE_NORETURN 1
| #define NEED_YYWRAP 1
| #define HAVE_DIRENT_H 1
| #define STDC_HEADERS 1
| #define HAVE_SYS_WAIT_H 1
| #define HAVE_SYS_TYPES_H 1
| #define HAVE_SYS_STAT_H 1
| #define HAVE_STDLIB_H 1
| #define HAVE_STRING_H 1
| #define HAVE_MEMORY_H 1
| #define HAVE_STRINGS_H 1
| #define HAVE_INTTYPES_H 1
| #define HAVE_STDINT_H 1
| #define HAVE_UNISTD_H 1
| #define HAVE_FCNTL_H 1
| #define HAVE_SYSLOG_H 1
| #define HAVE_UNISTD_H 1
| #define HAVE_ERRNO_H 1
| #define HAVE_GETOPT_H 1
| #define HAVE_STDARG_H 1
| #define RETSIGTYPE void
| #define HAVE_VPRINTF 1
| /* end confdefs.h.  */
| 
| /* Override any GCC internal prototype to avoid an error.
|    Use char because int might match the return type of a GCC
|    builtin and then its argument prototype would still apply.  */
| #ifdef __cplusplus
| extern "C"
| #endif
| char kvm_open ();
| int
| main ()
| {
| return kvm_open ();
|   ;
|   return 0;
| }
configure:4585: result: no
configure:4592: checking for getloadavg in -lutil
configure:4617: gcc -o conftest -Os -s    conftest.c -lutil   >&5
/data/data/com.n0n3m4.droidc/files/gcc/bin/../lib/gcc/arm-linux-androideabi/4.9.1/../../../../arm-linux-androideabi/bin/ld: cannot find -lutil
collect2: error: ld returned 1 exit status
configure:4617: $? = 1
configure: failed program was:
| /* confdefs.h */
| #define PACKAGE_NAME "at"
| #define PACKAGE_TARNAME "at"
| #define PACKAGE_VERSION "3.1.16"
| #define PACKAGE_STRING "at 3.1.16"
| #define PACKAGE_BUGREPORT ""
| #define PACKAGE_URL ""
| #define HAVE_ATTRIBUTE_NORETURN 1
| #define NEED_YYWRAP 1
| #define HAVE_DIRENT_H 1
| #define STDC_HEADERS 1
| #define HAVE_SYS_WAIT_H 1
| #define HAVE_SYS_TYPES_H 1
| #define HAVE_SYS_STAT_H 1
| #define HAVE_STDLIB_H 1
| #define HAVE_STRING_H 1
| #define HAVE_MEMORY_H 1
| #define HAVE_STRINGS_H 1
| #define HAVE_INTTYPES_H 1
| #define HAVE_STDINT_H 1
| #define HAVE_UNISTD_H 1
| #define HAVE_FCNTL_H 1
| #define HAVE_SYSLOG_H 1
| #define HAVE_UNISTD_H 1
| #define HAVE_ERRNO_H 1
| #define HAVE_GETOPT_H 1
| #define HAVE_STDARG_H 1
| #define RETSIGTYPE void
| #define HAVE_VPRINTF 1
| /* end confdefs.h.  */
| 
| /* Override any GCC internal prototype to avoid an error.
|    Use char because int might match the return type of a GCC
|    builtin and then its argument prototype would still apply.  */
| #ifdef __cplusplus
| extern "C"
| #endif
| char getloadavg ();
| int
| main ()
| {
| return getloadavg ();
|   ;
|   return 0;
| }
configure:4626: result: no
configure:4639: checking for getloadavg in -lgetloadavg
configure:4664: gcc -o conftest -Os -s    conftest.c -lgetloadavg  -L/usr/local/lib  >&5
/data/data/com.n0n3m4.droidc/files/gcc/bin/../lib/gcc/arm-linux-androideabi/4.9.1/../../../../arm-linux-androideabi/bin/ld: cannot find -lgetloadavg
collect2: error: ld returned 1 exit status
configure:4664: $? = 1
configure: failed program was:
| /* confdefs.h */
| #define PACKAGE_NAME "at"
| #define PACKAGE_TARNAME "at"
| #define PACKAGE_VERSION "3.1.16"
| #define PACKAGE_STRING "at 3.1.16"
| #define PACKAGE_BUGREPORT ""
| #define PACKAGE_URL ""
| #define HAVE_ATTRIBUTE_NORETURN 1
| #define NEED_YYWRAP 1
| #define HAVE_DIRENT_H 1
| #define STDC_HEADERS 1
| #define HAVE_SYS_WAIT_H 1
| #define HAVE_SYS_TYPES_H 1
| #define HAVE_SYS_STAT_H 1
| #define HAVE_STDLIB_H 1
| #define HAVE_STRING_H 1
| #define HAVE_MEMORY_H 1
| #define HAVE_STRINGS_H 1
| #define HAVE_INTTYPES_H 1
| #define HAVE_STDINT_H 1
| #define HAVE_UNISTD_H 1
| #define HAVE_FCNTL_H 1
| #define HAVE_SYSLOG_H 1
| #define HAVE_UNISTD_H 1
| #define HAVE_ERRNO_H 1
| #define HAVE_GETOPT_H 1
| #define HAVE_STDARG_H 1
| #define RETSIGTYPE void
| #define HAVE_VPRINTF 1
| /* end confdefs.h.  */
| 
| /* Override any GCC internal prototype to avoid an error.
|    Use char because int might match the return type of a GCC
|    builtin and then its argument prototype would still apply.  */
| #ifdef __cplusplus
| extern "C"
| #endif
| char getloadavg ();
| int
| main ()
| {
| return getloadavg ();
|   ;
|   return 0;
| }
configure:4673: result: no
configure:4687: checking for getloadavg
configure:4687: gcc -o conftest -Os -s    conftest.c  >&5
./ccO75A2X.o: In function `main':
conftest.c:(.text.startup+0x4): undefined reference to `getloadavg'
collect2: error: ld returned 1 exit status
configure:4687: $? = 1
configure: failed program was:
| /* confdefs.h */
| #define PACKAGE_NAME "at"
| #define PACKAGE_TARNAME "at"
| #define PACKAGE_VERSION "3.1.16"
| #define PACKAGE_STRING "at 3.1.16"
| #define PACKAGE_BUGREPORT ""
| #define PACKAGE_URL ""
| #define HAVE_ATTRIBUTE_NORETURN 1
| #define NEED_YYWRAP 1
| #define HAVE_DIRENT_H 1
| #define STDC_HEADERS 1
| #define HAVE_SYS_WAIT_H 1
| #define HAVE_SYS_TYPES_H 1
| #define HAVE_SYS_STAT_H 1
| #define HAVE_STDLIB_H 1
| #define HAVE_STRING_H 1
| #define HAVE_MEMORY_H 1
| #define HAVE_STRINGS_H 1
| #define HAVE_INTTYPES_H 1
| #define HAVE_STDINT_H 1
| #define HAVE_UNISTD_H 1
| #define HAVE_FCNTL_H 1
| #define HAVE_SYSLOG_H 1
| #define HAVE_UNISTD_H 1
| #define HAVE_ERRNO_H 1
| #define HAVE_GETOPT_H 1
| #define HAVE_STDARG_H 1
| #define RETSIGTYPE void
| #define HAVE_VPRINTF 1
| /* end confdefs.h.  */
| /* Define getloadavg to an innocuous variant, in case <limits.h> declares getloadavg.
|    For example, HP-UX 11i <limits.h> declares gettimeofday.  */
| #define getloadavg innocuous_getloadavg
| 
| /* System header to define __stub macros and hopefully few prototypes,
|     which can conflict with char getloadavg (); below.
|     Prefer <limits.h> to <assert.h> if __STDC__ is defined, since
|     <limits.h> exists even on freestanding compilers.  */
| 
| #ifdef __STDC__
| # include <limits.h>
| #else
| # include <assert.h>
| #endif
| 
| #undef getloadavg
| 
| /* Override any GCC internal prototype to avoid an error.
|    Use char because int might match the return type of a GCC
|    builtin and then its argument prototype would still apply.  */
| #ifdef __cplusplus
| extern "C"
| #endif
| char getloadavg ();
| /* The GNU C library defines this for functions which it implements
|     to always fail with ENOSYS.  Some functions are actually named
|     something starting with __ and the normal name is an alias.  */
| #if defined __stub_getloadavg || defined __stub___getloadavg
| choke me
| #endif
| 
| int
| main ()
| {
| return getloadavg ();
|   ;
|   return 0;
| }
configure:4687: result: no
configure:4705: checking sys/dg_sys_info.h usability
configure:4705: gcc -c -Os -s   conftest.c >&5
conftest.c:65:29: fatal error: sys/dg_sys_info.h: No such file or directory
 #include <sys/dg_sys_info.h>
                             ^
compilation terminated.
configure:4705: $? = 1
configure: failed program was:
| /* confdefs.h */
| #define PACKAGE_NAME "at"
| #define PACKAGE_TARNAME "at"
| #define PACKAGE_VERSION "3.1.16"
| #define PACKAGE_STRING "at 3.1.16"
| #define PACKAGE_BUGREPORT ""
| #define PACKAGE_URL ""
| #define HAVE_ATTRIBUTE_NORETURN 1
| #define NEED_YYWRAP 1
| #define HAVE_DIRENT_H 1
| #define STDC_HEADERS 1
| #define HAVE_SYS_WAIT_H 1
| #define HAVE_SYS_TYPES_H 1
| #define HAVE_SYS_STAT_H 1
| #define HAVE_STDLIB_H 1
| #define HAVE_STRING_H 1
| #define HAVE_MEMORY_H 1
| #define HAVE_STRINGS_H 1
| #define HAVE_INTTYPES_H 1
| #define HAVE_STDINT_H 1
| #define HAVE_UNISTD_H 1
| #define HAVE_FCNTL_H 1
| #define HAVE_SYSLOG_H 1
| #define HAVE_UNISTD_H 1
| #define HAVE_ERRNO_H 1
| #define HAVE_GETOPT_H 1
| #define HAVE_STDARG_H 1
| #define RETSIGTYPE void
| #define HAVE_VPRINTF 1
| #define C_GETLOADAVG 1
| /* end confdefs.h.  */
| #include <stdio.h>
| #ifdef HAVE_SYS_TYPES_H
| # include <sys/types.h>
| #endif
| #ifdef HAVE_SYS_STAT_H
| # include <sys/stat.h>
| #endif
| #ifdef STDC_HEADERS
| # include <stdlib.h>
| # include <stddef.h>
| #else
| # ifdef HAVE_STDLIB_H
| #  include <stdlib.h>
| # endif
| #endif
| #ifdef HAVE_STRING_H
| # if !defined STDC_HEADERS && defined HAVE_MEMORY_H
| #  include <memory.h>
| # endif
| # include <string.h>
| #endif
| #ifdef HAVE_STRINGS_H
| # include <strings.h>
| #endif
| #ifdef HAVE_INTTYPES_H
| # include <inttypes.h>
| #endif
| #ifdef HAVE_STDINT_H
| # include <stdint.h>
| #endif
| #ifdef HAVE_UNISTD_H
| # include <unistd.h>
| #endif
| #include <sys/dg_sys_info.h>
configure:4705: result: no
configure:4705: checking sys/dg_sys_info.h presence
configure:4705: gcc -E  conftest.c
conftest.c:32:29: fatal error: sys/dg_sys_info.h: No such file or directory
 #include <sys/dg_sys_info.h>
                             ^
compilation terminated.
configure:4705: $? = 1
configure: failed program was:
| /* confdefs.h */
| #define PACKAGE_NAME "at"
| #define PACKAGE_TARNAME "at"
| #define PACKAGE_VERSION "3.1.16"
| #define PACKAGE_STRING "at 3.1.16"
| #define PACKAGE_BUGREPORT ""
| #define PACKAGE_URL ""
| #define HAVE_ATTRIBUTE_NORETURN 1
| #define NEED_YYWRAP 1
| #define HAVE_DIRENT_H 1
| #define STDC_HEADERS 1
| #define HAVE_SYS_WAIT_H 1
| #define HAVE_SYS_TYPES_H 1
| #define HAVE_SYS_STAT_H 1
| #define HAVE_STDLIB_H 1
| #define HAVE_STRING_H 1
| #define HAVE_MEMORY_H 1
| #define HAVE_STRINGS_H 1
| #define HAVE_INTTYPES_H 1
| #define HAVE_STDINT_H 1
| #define HAVE_UNISTD_H 1
| #define HAVE_FCNTL_H 1
| #define HAVE_SYSLOG_H 1
| #define HAVE_UNISTD_H 1
| #define HAVE_ERRNO_H 1
| #define HAVE_GETOPT_H 1
| #define HAVE_STDARG_H 1
| #define RETSIGTYPE void
| #define HAVE_VPRINTF 1
| #define C_GETLOADAVG 1
| /* end confdefs.h.  */
| #include <sys/dg_sys_info.h>
configure:4705: result: no
configure:4705: checking for sys/dg_sys_info.h
configure:4705: result: no
configure:4760: checking locale.h usability
configure:4760: gcc -c -Os -s   conftest.c >&5
configure:4760: $? = 0
configure:4760: result: yes
configure:4760: checking locale.h presence
configure:4760: gcc -E  conftest.c
configure:4760: $? = 0
configure:4760: result: yes
configure:4760: checking for locale.h
configure:4760: result: yes
configure:4768: checking for setlocale
configure:4768: gcc -o conftest -Os -s    conftest.c  >&5
configure:4768: $? = 0
configure:4768: result: yes
configure:4790: checking inq_stats/cpustats.h usability
configure:4790: gcc -c -Os -s   conftest.c >&5
conftest.c:66:32: fatal error: inq_stats/cpustats.h: No such file or directory
 #include <inq_stats/cpustats.h>
                                ^
compilation terminated.
configure:4790: $? = 1
configure: failed program was:
| /* confdefs.h */
| #define PACKAGE_NAME "at"
| #define PACKAGE_TARNAME "at"
| #define PACKAGE_VERSION "3.1.16"
| #define PACKAGE_STRING "at 3.1.16"
| #define PACKAGE_BUGREPORT ""
| #define PACKAGE_URL ""
| #define HAVE_ATTRIBUTE_NORETURN 1
| #define NEED_YYWRAP 1
| #define HAVE_DIRENT_H 1
| #define STDC_HEADERS 1
| #define HAVE_SYS_WAIT_H 1
| #define HAVE_SYS_TYPES_H 1
| #define HAVE_SYS_STAT_H 1
| #define HAVE_STDLIB_H 1
| #define HAVE_STRING_H 1
| #define HAVE_MEMORY_H 1
| #define HAVE_STRINGS_H 1
| #define HAVE_INTTYPES_H 1
| #define HAVE_STDINT_H 1
| #define HAVE_UNISTD_H 1
| #define HAVE_FCNTL_H 1
| #define HAVE_SYSLOG_H 1
| #define HAVE_UNISTD_H 1
| #define HAVE_ERRNO_H 1
| #define HAVE_GETOPT_H 1
| #define HAVE_STDARG_H 1
| #define RETSIGTYPE void
| #define HAVE_VPRINTF 1
| #define C_GETLOADAVG 1
| #define HAVE_SETLOCALE 1
| /* end confdefs.h.  */
| #include <stdio.h>
| #ifdef HAVE_SYS_TYPES_H
| # include <sys/types.h>
| #endif
| #ifdef HAVE_SYS_STAT_H
| # include <sys/stat.h>
| #endif
| #ifdef STDC_HEADERS
| # include <stdlib.h>
| # include <stddef.h>
| #else
| # ifdef HAVE_STDLIB_H
| #  include <stdlib.h>
| # endif
| #endif
| #ifdef HAVE_STRING_H
| # if !defined STDC_HEADERS && defined HAVE_MEMORY_H
| #  include <memory.h>
| # endif
| # include <string.h>
| #endif
| #ifdef HAVE_STRINGS_H
| # include <strings.h>
| #endif
| #ifdef HAVE_INTTYPES_H
| # include <inttypes.h>
| #endif
| #ifdef HAVE_STDINT_H
| # include <stdint.h>
| #endif
| #ifdef HAVE_UNISTD_H
| # include <unistd.h>
| #endif
| #include <inq_stats/cpustats.h>
configure:4790: result: no
configure:4790: checking inq_stats/cpustats.h presence
configure:4790: gcc -E  conftest.c
conftest.c:33:32: fatal error: inq_stats/cpustats.h: No such file or directory
 #include <inq_stats/cpustats.h>
                                ^
compilation terminated.
configure:4790: $? = 1
configure: failed program was:
| /* confdefs.h */
| #define PACKAGE_NAME "at"
| #define PACKAGE_TARNAME "at"
| #define PACKAGE_VERSION "3.1.16"
| #define PACKAGE_STRING "at 3.1.16"
| #define PACKAGE_BUGREPORT ""
| #define PACKAGE_URL ""
| #define HAVE_ATTRIBUTE_NORETURN 1
| #define NEED_YYWRAP 1
| #define HAVE_DIRENT_H 1
| #define STDC_HEADERS 1
| #define HAVE_SYS_WAIT_H 1
| #define HAVE_SYS_TYPES_H 1
| #define HAVE_SYS_STAT_H 1
| #define HAVE_STDLIB_H 1
| #define HAVE_STRING_H 1
| #define HAVE_MEMORY_H 1
| #define HAVE_STRINGS_H 1
| #define HAVE_INTTYPES_H 1
| #define HAVE_STDINT_H 1
| #define HAVE_UNISTD_H 1
| #define HAVE_FCNTL_H 1
| #define HAVE_SYSLOG_H 1
| #define HAVE_UNISTD_H 1
| #define HAVE_ERRNO_H 1
| #define HAVE_GETOPT_H 1
| #define HAVE_STDARG_H 1
| #define RETSIGTYPE void
| #define HAVE_VPRINTF 1
| #define C_GETLOADAVG 1
| #define HAVE_SETLOCALE 1
| /* end confdefs.h.  */
| #include <inq_stats/cpustats.h>
configure:4790: result: no
configure:4790: checking for inq_stats/cpustats.h
configure:4790: result: no
configure:4805: checking sys/cpustats.h usability
configure:4805: gcc -c -Os -s   conftest.c >&5
conftest.c:66:26: fatal error: sys/cpustats.h: No such file or directory
 #include <sys/cpustats.h>
                          ^
compilation terminated.
configure:4805: $? = 1
configure: failed program was:
| /* confdefs.h */
| #define PACKAGE_NAME "at"
| #define PACKAGE_TARNAME "at"
| #define PACKAGE_VERSION "3.1.16"
| #define PACKAGE_STRING "at 3.1.16"
| #define PACKAGE_BUGREPORT ""
| #define PACKAGE_URL ""
| #define HAVE_ATTRIBUTE_NORETURN 1
| #define NEED_YYWRAP 1
| #define HAVE_DIRENT_H 1
| #define STDC_HEADERS 1
| #define HAVE_SYS_WAIT_H 1
| #define HAVE_SYS_TYPES_H 1
| #define HAVE_SYS_STAT_H 1
| #define HAVE_STDLIB_H 1
| #define HAVE_STRING_H 1
| #define HAVE_MEMORY_H 1
| #define HAVE_STRINGS_H 1
| #define HAVE_INTTYPES_H 1
| #define HAVE_STDINT_H 1
| #define HAVE_UNISTD_H 1
| #define HAVE_FCNTL_H 1
| #define HAVE_SYSLOG_H 1
| #define HAVE_UNISTD_H 1
| #define HAVE_ERRNO_H 1
| #define HAVE_GETOPT_H 1
| #define HAVE_STDARG_H 1
| #define RETSIGTYPE void
| #define HAVE_VPRINTF 1
| #define C_GETLOADAVG 1
| #define HAVE_SETLOCALE 1
| /* end confdefs.h.  */
| #include <stdio.h>
| #ifdef HAVE_SYS_TYPES_H
| # include <sys/types.h>
| #endif
| #ifdef HAVE_SYS_STAT_H
| # include <sys/stat.h>
| #endif
| #ifdef STDC_HEADERS
| # include <stdlib.h>
| # include <stddef.h>
| #else
| # ifdef HAVE_STDLIB_H
| #  include <stdlib.h>
| # endif
| #endif
| #ifdef HAVE_STRING_H
| # if !defined STDC_HEADERS && defined HAVE_MEMORY_H
| #  include <memory.h>
| # endif
| # include <string.h>
| #endif
| #ifdef HAVE_STRINGS_H
| # include <strings.h>
| #endif
| #ifdef HAVE_INTTYPES_H
| # include <inttypes.h>
| #endif
| #ifdef HAVE_STDINT_H
| # include <stdint.h>
| #endif
| #ifdef HAVE_UNISTD_H
| # include <unistd.h>
| #endif
| #include <sys/cpustats.h>
configure:4805: result: no
configure:4805: checking sys/cpustats.h presence
configure:4805: gcc -E  conftest.c
conftest.c:33:26: fatal error: sys/cpustats.h: No such file or directory
 #include <sys/cpustats.h>
                          ^
compilation terminated.
configure:4805: $? = 1
configure: failed program was:
| /* confdefs.h */
| #define PACKAGE_NAME "at"
| #define PACKAGE_TARNAME "at"
| #define PACKAGE_VERSION "3.1.16"
| #define PACKAGE_STRING "at 3.1.16"
| #define PACKAGE_BUGREPORT ""
| #define PACKAGE_URL ""
| #define HAVE_ATTRIBUTE_NORETURN 1
| #define NEED_YYWRAP 1
| #define HAVE_DIRENT_H 1
| #define STDC_HEADERS 1
| #define HAVE_SYS_WAIT_H 1
| #define HAVE_SYS_TYPES_H 1
| #define HAVE_SYS_STAT_H 1
| #define HAVE_STDLIB_H 1
| #define HAVE_STRING_H 1
| #define HAVE_MEMORY_H 1
| #define HAVE_STRINGS_H 1
| #define HAVE_INTTYPES_H 1
| #define HAVE_STDINT_H 1
| #define HAVE_UNISTD_H 1
| #define HAVE_FCNTL_H 1
| #define HAVE_SYSLOG_H 1
| #define HAVE_UNISTD_H 1
| #define HAVE_ERRNO_H 1
| #define HAVE_GETOPT_H 1
| #define HAVE_STDARG_H 1
| #define RETSIGTYPE void
| #define HAVE_VPRINTF 1
| #define C_GETLOADAVG 1
| #define HAVE_SETLOCALE 1
| /* end confdefs.h.  */
| #include <sys/cpustats.h>
configure:4805: result: no
configure:4805: checking for sys/cpustats.h
configure:4805: result: no
configure:4817: checking mach/mach.h usability
configure:4817: gcc -c -Os -s   conftest.c >&5
conftest.c:66:23: fatal error: mach/mach.h: No such file or directory
 #include <mach/mach.h>
                       ^
compilation terminated.
configure:4817: $? = 1
configure: failed program was:
| /* confdefs.h */
| #define PACKAGE_NAME "at"
| #define PACKAGE_TARNAME "at"
| #define PACKAGE_VERSION "3.1.16"
| #define PACKAGE_STRING "at 3.1.16"
| #define PACKAGE_BUGREPORT ""
| #define PACKAGE_URL ""
| #define HAVE_ATTRIBUTE_NORETURN 1
| #define NEED_YYWRAP 1
| #define HAVE_DIRENT_H 1
| #define STDC_HEADERS 1
| #define HAVE_SYS_WAIT_H 1
| #define HAVE_SYS_TYPES_H 1
| #define HAVE_SYS_STAT_H 1
| #define HAVE_STDLIB_H 1
| #define HAVE_STRING_H 1
| #define HAVE_MEMORY_H 1
| #define HAVE_STRINGS_H 1
| #define HAVE_INTTYPES_H 1
| #define HAVE_STDINT_H 1
| #define HAVE_UNISTD_H 1
| #define HAVE_FCNTL_H 1
| #define HAVE_SYSLOG_H 1
| #define HAVE_UNISTD_H 1
| #define HAVE_ERRNO_H 1
| #define HAVE_GETOPT_H 1
| #define HAVE_STDARG_H 1
| #define RETSIGTYPE void
| #define HAVE_VPRINTF 1
| #define C_GETLOADAVG 1
| #define HAVE_SETLOCALE 1
| /* end confdefs.h.  */
| #include <stdio.h>
| #ifdef HAVE_SYS_TYPES_H
| # include <sys/types.h>
| #endif
| #ifdef HAVE_SYS_STAT_H
| # include <sys/stat.h>
| #endif
| #ifdef STDC_HEADERS
| # include <stdlib.h>
| # include <stddef.h>
| #else
| # ifdef HAVE_STDLIB_H
| #  include <stdlib.h>
| # endif
| #endif
| #ifdef HAVE_STRING_H
| # if !defined STDC_HEADERS && defined HAVE_MEMORY_H
| #  include <memory.h>
| # endif
| # include <string.h>
| #endif
| #ifdef HAVE_STRINGS_H
| # include <strings.h>
| #endif
| #ifdef HAVE_INTTYPES_H
| # include <inttypes.h>
| #endif
| #ifdef HAVE_STDINT_H
| # include <stdint.h>
| #endif
| #ifdef HAVE_UNISTD_H
| # include <unistd.h>
| #endif
| #include <mach/mach.h>
configure:4817: result: no
configure:4817: checking mach/mach.h presence
configure:4817: gcc -E  conftest.c
conftest.c:33:23: fatal error: mach/mach.h: No such file or directory
 #include <mach/mach.h>
                       ^
compilation terminated.
configure:4817: $? = 1
configure: failed program was:
| /* confdefs.h */
| #define PACKAGE_NAME "at"
| #define PACKAGE_TARNAME "at"
| #define PACKAGE_VERSION "3.1.16"
| #define PACKAGE_STRING "at 3.1.16"
| #define PACKAGE_BUGREPORT ""
| #define PACKAGE_URL ""
| #define HAVE_ATTRIBUTE_NORETURN 1
| #define NEED_YYWRAP 1
| #define HAVE_DIRENT_H 1
| #define STDC_HEADERS 1
| #define HAVE_SYS_WAIT_H 1
| #define HAVE_SYS_TYPES_H 1
| #define HAVE_SYS_STAT_H 1
| #define HAVE_STDLIB_H 1
| #define HAVE_STRING_H 1
| #define HAVE_MEMORY_H 1
| #define HAVE_STRINGS_H 1
| #define HAVE_INTTYPES_H 1
| #define HAVE_STDINT_H 1
| #define HAVE_UNISTD_H 1
| #define HAVE_FCNTL_H 1
| #define HAVE_SYSLOG_H 1
| #define HAVE_UNISTD_H 1
| #define HAVE_ERRNO_H 1
| #define HAVE_GETOPT_H 1
| #define HAVE_STDARG_H 1
| #define RETSIGTYPE void
| #define HAVE_VPRINTF 1
| #define C_GETLOADAVG 1
| #define HAVE_SETLOCALE 1
| /* end confdefs.h.  */
| #include <mach/mach.h>
configure:4817: result: no
configure:4817: checking for mach/mach.h
configure:4817: result: no
configure:4831: checking nlist.h usability
configure:4831: gcc -c -Os -s   conftest.c >&5
conftest.c:66:19: fatal error: nlist.h: No such file or directory
 #include <nlist.h>
                   ^
compilation terminated.
configure:4831: $? = 1
configure: failed program was:
| /* confdefs.h */
| #define PACKAGE_NAME "at"
| #define PACKAGE_TARNAME "at"
| #define PACKAGE_VERSION "3.1.16"
| #define PACKAGE_STRING "at 3.1.16"
| #define PACKAGE_BUGREPORT ""
| #define PACKAGE_URL ""
| #define HAVE_ATTRIBUTE_NORETURN 1
| #define NEED_YYWRAP 1
| #define HAVE_DIRENT_H 1
| #define STDC_HEADERS 1
| #define HAVE_SYS_WAIT_H 1
| #define HAVE_SYS_TYPES_H 1
| #define HAVE_SYS_STAT_H 1
| #define HAVE_STDLIB_H 1
| #define HAVE_STRING_H 1
| #define HAVE_MEMORY_H 1
| #define HAVE_STRINGS_H 1
| #define HAVE_INTTYPES_H 1
| #define HAVE_STDINT_H 1
| #define HAVE_UNISTD_H 1
| #define HAVE_FCNTL_H 1
| #define HAVE_SYSLOG_H 1
| #define HAVE_UNISTD_H 1
| #define HAVE_ERRNO_H 1
| #define HAVE_GETOPT_H 1
| #define HAVE_STDARG_H 1
| #define RETSIGTYPE void
| #define HAVE_VPRINTF 1
| #define C_GETLOADAVG 1
| #define HAVE_SETLOCALE 1
| /* end confdefs.h.  */
| #include <stdio.h>
| #ifdef HAVE_SYS_TYPES_H
| # include <sys/types.h>
| #endif
| #ifdef HAVE_SYS_STAT_H
| # include <sys/stat.h>
| #endif
| #ifdef STDC_HEADERS
| # include <stdlib.h>
| # include <stddef.h>
| #else
| # ifdef HAVE_STDLIB_H
| #  include <stdlib.h>
| # endif
| #endif
| #ifdef HAVE_STRING_H
| # if !defined STDC_HEADERS && defined HAVE_MEMORY_H
| #  include <memory.h>
| # endif
| # include <string.h>
| #endif
| #ifdef HAVE_STRINGS_H
| # include <strings.h>
| #endif
| #ifdef HAVE_INTTYPES_H
| # include <inttypes.h>
| #endif
| #ifdef HAVE_STDINT_H
| # include <stdint.h>
| #endif
| #ifdef HAVE_UNISTD_H
| # include <unistd.h>
| #endif
| #include <nlist.h>
configure:4831: result: no
configure:4831: checking nlist.h presence
configure:4831: gcc -E  conftest.c
conftest.c:33:19: fatal error: nlist.h: No such file or directory
 #include <nlist.h>
                   ^
compilation terminated.
configure:4831: $? = 1
configure: failed program was:
| /* confdefs.h */
| #define PACKAGE_NAME "at"
| #define PACKAGE_TARNAME "at"
| #define PACKAGE_VERSION "3.1.16"
| #define PACKAGE_STRING "at 3.1.16"
| #define PACKAGE_BUGREPORT ""
| #define PACKAGE_URL ""
| #define HAVE_ATTRIBUTE_NORETURN 1
| #define NEED_YYWRAP 1
| #define HAVE_DIRENT_H 1
| #define STDC_HEADERS 1
| #define HAVE_SYS_WAIT_H 1
| #define HAVE_SYS_TYPES_H 1
| #define HAVE_SYS_STAT_H 1
| #define HAVE_STDLIB_H 1
| #define HAVE_STRING_H 1
| #define HAVE_MEMORY_H 1
| #define HAVE_STRINGS_H 1
| #define HAVE_INTTYPES_H 1
| #define HAVE_STDINT_H 1
| #define HAVE_UNISTD_H 1
| #define HAVE_FCNTL_H 1
| #define HAVE_SYSLOG_H 1
| #define HAVE_UNISTD_H 1
| #define HAVE_ERRNO_H 1
| #define HAVE_GETOPT_H 1
| #define HAVE_STDARG_H 1
| #define RETSIGTYPE void
| #define HAVE_VPRINTF 1
| #define C_GETLOADAVG 1
| #define HAVE_SETLOCALE 1
| /* end confdefs.h.  */
| #include <nlist.h>
configure:4831: result: no
configure:4831: checking for nlist.h
configure:4831: result: no
configure:4859: checking whether getloadavg requires setgid
In file included from conftest.c:33:0:
././getloadavg.c:72:18: fatal error: lisp.h: No such file or directory
 #include "lisp.h"
                  ^
compilation terminated.
configure:4880: result: no
configure:4922: checking for getcwd
configure:4922: gcc -o conftest -Os -s    conftest.c  >&5
configure:4922: $? = 0
configure:4922: result: yes
configure:4922: checking for mktime
configure:4922: gcc -o conftest -Os -s    conftest.c  >&5
configure:4922: $? = 0
configure:4922: result: yes
configure:4922: checking for strftime
configure:4922: gcc -o conftest -Os -s    conftest.c  >&5
conftest.c:58:6: warning: conflicting types for built-in function 'strftime'
 char strftime ();
      ^
configure:4922: $? = 0
configure:4922: result: yes
configure:4922: checking for setreuid
configure:4922: gcc -o conftest -Os -s    conftest.c  >&5
configure:4922: $? = 0
configure:4922: result: yes
configure:4922: checking for setresuid
configure:4922: gcc -o conftest -Os -s    conftest.c  >&5
configure:4922: $? = 0
configure:4922: result: yes
configure:4922: checking for sigaction
configure:4922: gcc -o conftest -Os -s    conftest.c  >&5
configure:4922: $? = 0
configure:4922: result: yes
configure:4922: checking for waitpid
configure:4922: gcc -o conftest -Os -s    conftest.c  >&5
configure:4922: $? = 0
configure:4922: result: yes
configure:4933: checking security/pam_appl.h usability
configure:4933: gcc -c -Os -s   conftest.c >&5
conftest.c:73:31: fatal error: security/pam_appl.h: No such file or directory
 #include <security/pam_appl.h>
                               ^
compilation terminated.
configure:4933: $? = 1
configure: failed program was:
| /* confdefs.h */
| #define PACKAGE_NAME "at"
| #define PACKAGE_TARNAME "at"
| #define PACKAGE_VERSION "3.1.16"
| #define PACKAGE_STRING "at 3.1.16"
| #define PACKAGE_BUGREPORT ""
| #define PACKAGE_URL ""
| #define HAVE_ATTRIBUTE_NORETURN 1
| #define NEED_YYWRAP 1
| #define HAVE_DIRENT_H 1
| #define STDC_HEADERS 1
| #define HAVE_SYS_WAIT_H 1
| #define HAVE_SYS_TYPES_H 1
| #define HAVE_SYS_STAT_H 1
| #define HAVE_STDLIB_H 1
| #define HAVE_STRING_H 1
| #define HAVE_MEMORY_H 1
| #define HAVE_STRINGS_H 1
| #define HAVE_INTTYPES_H 1
| #define HAVE_STDINT_H 1
| #define HAVE_UNISTD_H 1
| #define HAVE_FCNTL_H 1
| #define HAVE_SYSLOG_H 1
| #define HAVE_UNISTD_H 1
| #define HAVE_ERRNO_H 1
| #define HAVE_GETOPT_H 1
| #define HAVE_STDARG_H 1
| #define RETSIGTYPE void
| #define HAVE_VPRINTF 1
| #define C_GETLOADAVG 1
| #define HAVE_SETLOCALE 1
| #define HAVE_GETCWD 1
| #define HAVE_MKTIME 1
| #define HAVE_STRFTIME 1
| #define HAVE_SETREUID 1
| #define HAVE_SETRESUID 1
| #define HAVE_SIGACTION 1
| #define HAVE_WAITPID 1
| /* end confdefs.h.  */
| #include <stdio.h>
| #ifdef HAVE_SYS_TYPES_H
| # include <sys/types.h>
| #endif
| #ifdef HAVE_SYS_STAT_H
| # include <sys/stat.h>
| #endif
| #ifdef STDC_HEADERS
| # include <stdlib.h>
| # include <stddef.h>
| #else
| # ifdef HAVE_STDLIB_H
| #  include <stdlib.h>
| # endif
| #endif
| #ifdef HAVE_STRING_H
| # if !defined STDC_HEADERS && defined HAVE_MEMORY_H
| #  include <memory.h>
| # endif
| # include <string.h>
| #endif
| #ifdef HAVE_STRINGS_H
| # include <strings.h>
| #endif
| #ifdef HAVE_INTTYPES_H
| # include <inttypes.h>
| #endif
| #ifdef HAVE_STDINT_H
| # include <stdint.h>
| #endif
| #ifdef HAVE_UNISTD_H
| # include <unistd.h>
| #endif
| #include <security/pam_appl.h>
configure:4933: result: no
configure:4933: checking security/pam_appl.h presence
configure:4933: gcc -E  conftest.c
conftest.c:40:31: fatal error: security/pam_appl.h: No such file or directory
 #include <security/pam_appl.h>
                               ^
compilation terminated.
configure:4933: $? = 1
configure: failed program was:
| /* confdefs.h */
| #define PACKAGE_NAME "at"
| #define PACKAGE_TARNAME "at"
| #define PACKAGE_VERSION "3.1.16"
| #define PACKAGE_STRING "at 3.1.16"
| #define PACKAGE_BUGREPORT ""
| #define PACKAGE_URL ""
| #define HAVE_ATTRIBUTE_NORETURN 1
| #define NEED_YYWRAP 1
| #define HAVE_DIRENT_H 1
| #define STDC_HEADERS 1
| #define HAVE_SYS_WAIT_H 1
| #define HAVE_SYS_TYPES_H 1
| #define HAVE_SYS_STAT_H 1
| #define HAVE_STDLIB_H 1
| #define HAVE_STRING_H 1
| #define HAVE_MEMORY_H 1
| #define HAVE_STRINGS_H 1
| #define HAVE_INTTYPES_H 1
| #define HAVE_STDINT_H 1
| #define HAVE_UNISTD_H 1
| #define HAVE_FCNTL_H 1
| #define HAVE_SYSLOG_H 1
| #define HAVE_UNISTD_H 1
| #define HAVE_ERRNO_H 1
| #define HAVE_GETOPT_H 1
| #define HAVE_STDARG_H 1
| #define RETSIGTYPE void
| #define HAVE_VPRINTF 1
| #define C_GETLOADAVG 1
| #define HAVE_SETLOCALE 1
| #define HAVE_GETCWD 1
| #define HAVE_MKTIME 1
| #define HAVE_STRFTIME 1
| #define HAVE_SETREUID 1
| #define HAVE_SETRESUID 1
| #define HAVE_SIGACTION 1
| #define HAVE_WAITPID 1
| /* end confdefs.h.  */
| #include <security/pam_appl.h>
configure:4933: result: no
configure:4933: checking for security/pam_appl.h
configure:4933: result: no
configure:4952: checking for sendmail
configure:4986: result: no
configure:5003: checking etcdir
configure:5025: result: /etc
configure:5044: checking location of pid file
configure:5058: result: /etc
configure:5061: checking location of spool directory
configure:5076: result: not found
configure:5080: checking jobdir
configure:5101: error: Need --with-jobdir=PATH when SPOOLDIR not found.

## ---------------- ##
## Cache variables. ##
## ---------------- ##

configure:5101: WARNING: cache variable ac_cv_host contains a newline
ac_cv_build='i686-pc-none'
ac_cv_c_compiler_gnu='yes'
ac_cv_c_const='yes'
ac_cv_env_CC_set=''
ac_cv_env_CC_value=''
ac_cv_env_CFLAGS_set='set'
ac_cv_env_CFLAGS_value='-Os -s '
ac_cv_env_CPPFLAGS_set=''
ac_cv_env_CPPFLAGS_value=''
ac_cv_env_CPP_set=''
ac_cv_env_CPP_value=''
ac_cv_env_LDFLAGS_set=''
ac_cv_env_LDFLAGS_value=''
ac_cv_env_LIBS_set=''
ac_cv_env_LIBS_value=''
ac_cv_env_YACC_set=''
ac_cv_env_YACC_value=''
ac_cv_env_YFLAGS_set=''
ac_cv_env_YFLAGS_value=''
ac_cv_env_build_alias_set='set'
ac_cv_env_build_alias_value='i686'
ac_cv_env_host_alias_set='set'
ac_cv_env_host_alias_value='-h'
ac_cv_env_target_alias_set=''
ac_cv_env_target_alias_value=''
ac_cv_func__doprnt='no'
ac_cv_func_getcwd='yes'
ac_cv_func_getloadavg='no'
ac_cv_func_getloadavg_setgid='no'
ac_cv_func_mktime='yes'
ac_cv_func_pstat_getdynamic='no'
ac_cv_func_setlocale='yes'
ac_cv_func_setresuid='yes'
ac_cv_func_setreuid='yes'
ac_cv_func_sigaction='yes'
ac_cv_func_strftime='yes'
ac_cv_func_vprintf='yes'
ac_cv_func_waitpid='yes'
ac_cv_header_dirent_dirent_h='yes'
ac_cv_header_errno_h='yes'
ac_cv_header_fcntl_h='yes'
ac_cv_header_getopt_h='yes'
ac_cv_header_inq_stats_cpustats_h='no'
ac_cv_header_inttypes_h='yes'
ac_cv_header_locale_h='yes'
ac_cv_header_mach_mach_h='no'
ac_cv_header_memory_h='yes'
ac_cv_header_nlist_h='no'
ac_cv_header_security_pam_appl_h='no'
ac_cv_header_stdarg_h='yes'
ac_cv_header_stdc='yes'
ac_cv_header_stdint_h='yes'
ac_cv_header_stdlib_h='yes'
ac_cv_header_string_h='yes'
ac_cv_header_strings_h='yes'
ac_cv_header_sys_cpustats_h='no'
ac_cv_header_sys_dg_sys_info_h='no'
ac_cv_header_sys_fcntl_h='no'
ac_cv_header_sys_stat_h='yes'
ac_cv_header_sys_types_h='yes'
ac_cv_header_sys_wait_h='yes'
ac_cv_header_syslog_h='yes'
ac_cv_header_unistd_h='yes'
ac_cv_lib_elf_elf_begin='no'
ac_cv_lib_fl_yywrap='no'
ac_cv_lib_getloadavg_getloadavg='no'
ac_cv_lib_kstat_kstat_open='no'
ac_cv_lib_kvm_kvm_open='no'
ac_cv_lib_util_getloadavg='no'
ac_cv_objext='o'
ac_cv_path_EGREP='/busybox-virtual/grep -E'
ac_cv_path_GREP='/busybox-virtual/grep'
ac_cv_prog_CPP='gcc -E'
ac_cv_prog_ac_ct_CC='gcc'
ac_cv_prog_cc_c89=''
ac_cv_prog_cc_g='yes'
ac_cv_search_opendir='none required'
ac_cv_struct_tm='time.h'
ac_cv_type_mode_t='yes'
ac_cv_type_off_t='yes'
ac_cv_type_pid_t='yes'
ac_cv_type_signal='void'
ac_cv_type_size_t='yes'
ac_cv_type_uid_t='yes'

## ----------------- ##
## Output variables. ##
## ----------------- ##







       ./config.sub [OPTION] ALIAS
  -h, --help         print this help, then exit
  -t, --time-stamp   print date of last modification, then exit
  -v, --version      print version number, then exit
-------./config.sub-[OPTION]-ALIAS
---h,---help---------print-this-help,-then-exit
---t,---time-stamp---print-date-of-last-modification,-then-exit
---v,---version------print-version-number,-then-exit
ATJBD=''
ATSPD=''
CC='gcc'
CFLAGS='-Os -s '
CPP='gcc -E'
CPPFLAGS=''
Canonicalize a configuration name.
Canonicalize-a-configuration-name.
DAEMON_GROUPNAME=''
DAEMON_USERNAME=''
DEFS=''
ECHO_C='\c'
ECHO_N=''
ECHO_T=''
EGREP='/busybox-virtual/grep -E'
ETCDIR='/etc'
EXEEXT=''
GETLOADAVG_LIBS=''
GREP='/busybox-virtual/grep'
INSTALL_DATA='${INSTALL} -m 644'
INSTALL_PROGRAM='${INSTALL}'
INSTALL_SCRIPT='${INSTALL}'
KMEM_GROUP=''
LDFLAGS=''
LEX=':'
LEXLIB=''
LEX_OUTPUT_ROOT=''
LIBOBJS=' getloadavg.o'
LIBS=''
LN_S='cp -pR'
LOADAVG_MX=''
LTLIBOBJS=''
MAIL_CMD=''
NEED_SETGID='false'
OBJEXT='o'
Operation modes:
Operation-modes:
PACKAGE_BUGREPORT=''
PACKAGE_NAME='at'
PACKAGE_STRING='at 3.1.16'
PACKAGE_TARNAME='at'
PACKAGE_URL=''
PACKAGE_VERSION='3.1.16'
PAMLIB=''
PATH_SEPARATOR=':'
Report bugs and patches to <config-patches@gnu.org>.'
Report-bugs-and-patches-to-<config-patches@gnu.org>.'
SENDMAIL=''
SHELL='sh'
VERSION='3.1.16'
YACC='yacc'
YFLAGS=''
ac_ct_CC='gcc'
bindir='${exec_prefix}/bin'
build='i686-pc-none'
build_alias='i686'
build_cpu='i686'
build_os='none'
build_vendor='pc'
datadir='${datarootdir}'
datarootdir='${prefix}/share'
docdir='${datarootdir}/doc/${PACKAGE_TARNAME}'
dvidir='${docdir}'
exec_prefix='NONE'
host='Usage: ./config.sub [OPTION] CPU-MFR-OPSYS
host_alias='-h'
host_cpu='Usage: ./config.sub [OPTION] CPU'
host_os='OPSYS
host_vendor='MFR'
htmldir='${docdir}'
includedir='${prefix}/include'
infodir='${datarootdir}/info'
libdir='${exec_prefix}/lib'
libexecdir='${exec_prefix}/libexec'
localedir='${datarootdir}/locale'
localstatedir='${prefix}/var'
mandir='${datarootdir}/man'
oldincludedir='/usr/include'
pdfdir='${docdir}'
prefix='NONE'
program_transform_name='s,x,x,'
psdir='${docdir}'
sbindir='${exec_prefix}/sbin'
sharedstatedir='${prefix}/com'
sysconfdir='${prefix}/etc'
systemdsystemunitdir='no'
target_alias=''

## ----------- ##
## confdefs.h. ##
## ----------- ##

/* confdefs.h */
#define PACKAGE_NAME "at"
#define PACKAGE_TARNAME "at"
#define PACKAGE_VERSION "3.1.16"
#define PACKAGE_STRING "at 3.1.16"
#define PACKAGE_BUGREPORT ""
#define PACKAGE_URL ""
#define HAVE_ATTRIBUTE_NORETURN 1
#define NEED_YYWRAP 1
#define HAVE_DIRENT_H 1
#define STDC_HEADERS 1
#define HAVE_SYS_WAIT_H 1
#define HAVE_SYS_TYPES_H 1
#define HAVE_SYS_STAT_H 1
#define HAVE_STDLIB_H 1
#define HAVE_STRING_H 1
#define HAVE_MEMORY_H 1
#define HAVE_STRINGS_H 1
#define HAVE_INTTYPES_H 1
#define HAVE_STDINT_H 1
#define HAVE_UNISTD_H 1
#define HAVE_FCNTL_H 1
#define HAVE_SYSLOG_H 1
#define HAVE_UNISTD_H 1
#define HAVE_ERRNO_H 1
#define HAVE_GETOPT_H 1
#define HAVE_STDARG_H 1
#define RETSIGTYPE void
#define HAVE_VPRINTF 1
#define C_GETLOADAVG 1
#define HAVE_SETLOCALE 1
#define HAVE_GETCWD 1
#define HAVE_MKTIME 1
#define HAVE_STRFTIME 1
#define HAVE_SETREUID 1
#define HAVE_SETRESUID 1
#define HAVE_SIGACTION 1
#define HAVE_WAITPID 1
#define PIDFILE "/etc/atd.pid"

configure: exit 1
